T-Spice - Tanner SPICE
Version 2019.2
License validated.
Product Release ID: T-Spice Win64 2019.2.20190514.20:23:23
Copyright (C)1988-2019 Mentor, a Siemens Business

Input folder         = C:\Users\exirh\Desktop\Private\6th semester\Microelectronic circuits\Project\
Output folder        = C:\Users\exirh\Desktop\Private\6th semester\Microelectronic circuits\Project\ProjectFirstQ

	Parsing "C:\Users\exirh\Desktop\Private\6th semester\Microelectronic circuits\Project\ProjectFirstQ.sp"
	Including "C:\Users\exirh\Desktop\project\mosistsmc180.lib"

Start of ProjectFirstQ.sp
Loaded BSIM3v31 model library, Berkeley BSIM3 v3.1.0 with extensions

General options:
        threads = 1

Output options:
          nomod = 1                      post = 2

Probing options:
         probev = 1

 Device and node counts:
              MOSFETs -      38
    MOSFET geometries -       2
           Capacitors -       3
      Voltage sources -       3
   Subckt Definitions -       4
     Subckt Instances -      13
     Unique Instances -       7
    Model Definitions -       2
      Computed Models -       2
    Independent nodes -      18
       Boundary nodes -       4
          Total nodes -      22

	Opening simulation database "C:\Users\exirh\Desktop\Private\6th semester\Microelectronic circuits\Project\ProjectFirstQ.tsim"

Measure information will be written to file "C:\Users\exirh\Desktop\Private\6th semester\Microelectronic circuits\Project\ProjectFirstQ\ProjectFirstQ.measure"

Measurement result summary
   charge          =   -1.5353f      
   energy          =    7.6765f      
   power           =   63.9712n      
   tpdr            =   20.1150n      
   tpdf            =   -9.9426n      
   tpd             =    5.0862n      
   trise           =   10.3277n      
   tfall           =  -29.9447n      


Setup                        0.02 seconds
Transient Analysis           0.47 seconds
Output                       0.06 seconds
Overhead                     0.37 seconds
-----------------------------------------
Total                        0.92 seconds

Simulation completed
